[22:32:19] [main/INFO] (FabricLoader) Loading for game Minecraft 1.16.5
[22:32:20] [main/INFO] (Fabric|Loader) [FabricLoader] Loading 57 mods: fabric-renderer-api-v1@0.4.1+ca58154a7d, fabric-keybindings-v0@0.2.1+ca58154a7d, fabricloader@0.11.3, fabric-structure-api-v1@1.1.4+ca58154a7d, fabric-containers-v0@0.1.11+9354966b7d, fabric-dimensions-v1@2.0.6+9354966b7d, fabric-object-builder-api-v1@1.9.4+9354966b7d, java@8, squidyen@${version}, fabric-game-rule-api-v1@1.0.6+ca58154a7d, fabric-api-base@0.2.1+9354966b7d, fabric-rendering-data-attachment-v1@0.1.5+ca58154a7d, fiber@0.23.0-2, fabric-textures-v0@1.0.6+ca58154a7d, fabric-rendering-fluids-v1@0.1.13+ca58154a7d, fabric-blockrenderlayer-v1@1.1.5+ca58154a7d, fabric-lifecycle-events-v1@1.2.1+ca58154a7d, sodium@0.1.0-SNAPSHOT, fabric-renderer-registries-v1@2.2.1+ca58154a7d, fabric-loot-tables-v1@1.0.2+ca58154a7d, fabric@0.32.0+1.16, fabric-particles-v1@0.2.4+ca58154a7d, fabric-networking-v0@0.3.2+ca58154a7d, fabric-api-lookup-api-v1@1.0.0+dc716ea17d, fabric-networking-blockentity-v0@0.2.8+ca58154a7d, okzoomer@4.0.1+1.16.2, fabric-screen-handler-api-v1@1.1.5+9354966b7d, minecraft@1.16.5, modmenu@1.14.6+build.31, fabric-command-api-v1@1.1.0+f9b3753b7d, cloth-basic-math@0.5.1, phosphor@0.7.0-SNAPSHOT, fabric-screen-api-v1@1.0.0+c045166c7d, fabric-tool-attribute-api-v1@1.2.6+ca58154a7d, fabric-renderer-indigo@0.4.4+ca58154a7d, fabric-item-api-v1@1.2.1+ca58154a7d, fabric-crash-report-info-v1@0.1.3+ca58154a7d, fabric-events-interaction-v0@0.4.2+ca58154a7d, fabric-entity-events-v1@1.0.3+ca58154a7d, fabric-rendering-v0@1.1.2+ca58154a7d, fabric-rendering-v1@1.5.1+ca58154a7d, fabric-key-binding-api-v1@1.0.4+9354966b7d, cloth-config2@4.7.0-unstable, fabric-resource-loader-v0@0.4.2+ca58154a7d, debug@0.1, fabric-content-registries-v0@0.2.1+ca58154a7d, fabric-tag-extensions-v0@1.1.1+ca58154a7d, fabric-biome-api-v1@3.1.1+ca58154a7d, fabric-commands-v0@0.2.2+ca58154a7d, fabric-registry-sync-v0@0.7.4+ca58154a7d, fabric-mining-levels-v0@0.1.3+ca58154a7d, fabric-networking-api-v1@1.0.1+ca58154a7d, fabric-events-lifecycle-v0@0.2.1+ca58154a7d, fabric-models-v0@0.2.1+ca58154a7d, fabric-item-groups-v0@0.2.3+ca58154a7d, chord@1.5.3+1.16.5-fabric, fabric-object-builders-v0@0.7.2+ca58154a7d
[22:32:20] [main/WARN] (Fabric|Loader) Mod `squidyen` (${version}) does not respect SemVer - comparison support is limited.
[22:32:20] [main/INFO] (mixin) SpongePowered MIXIN Subsystem Version=0.8.2 Source=file:/home/daniel-orr/.gradle/caches/modules-2/files-2.1/net.fabricmc/sponge-mixin/0.9.2+mixin.0.8.2/12c437eebf031967eaa7daad861e115932772cc7/sponge-mixin-0.9.2+mixin.0.8.2.jar Service=Knot/Fabric Env=CLIENT
[22:32:20] [main/INFO] (Fabric|MixinBootstrap) Loaded Fabric development mappings for mixin remapper!
[22:32:21] [main/INFO] (Sodium) Loaded configuration file for Sodium (38 options available, 0 user overrides)
[22:32:21] [main/INFO] (Sodium) Sodium has been successfully discovered and initialized -- your game is now faster!
[22:32:21] [main/INFO] (mixin) Remapping refMap mixins.sodium.refmap.json using remapper chain
[22:32:21] [main/INFO] (mixin) Remapping refMap fabric-networking-blockentity-v0-refmap.json using remapper chain
[22:32:21] [main/INFO] (mixin) Remapping refMap mixins.phosphor.refmap.json using remapper chain
[22:32:21] [main/INFO] (mixin) Remapping refMap fabric-screen-handler-api-v1-refmap.json using remapper chain
[22:32:21] [main/INFO] (mixin) Remapping refMap fabric-lifecycle-events-v1-refmap.json using remapper chain
[22:32:21] [main/INFO] (mixin) Remapping refMap fabric-containers-v0-refmap.json using remapper chain
[22:32:21] [main/INFO] (mixin) Remapping refMap fabric-rendering-data-attachment-v1-refmap.json using remapper chain
[22:32:21] [main/INFO] (mixin) Remapping refMap fabric-renderer-indigo-refmap.json using remapper chain
[22:32:21] [main/INFO] (mixin) Remapping refMap fabric-structure-api-v1-refmap.json using remapper chain
[22:32:21] [main/INFO] (mixin) Remapping refMap fabric-item-api-v1-refmap.json using remapper chain
[22:32:21] [main/INFO] (mixin) Remapping refMap fabric-events-interaction-v0-refmap.json using remapper chain
[22:32:21] [main/INFO] (mixin) Remapping refMap fabric-loot-tables-v1-refmap.json using remapper chain
[22:32:21] [main/INFO] (mixin) Remapping refMap fabric-object-builder-api-v1-refmap.json using remapper chain
[22:32:21] [main/INFO] (mixin) Remapping refMap fabric-screen-api-v1-refmap.json using remapper chain
[22:32:21] [main/INFO] (mixin) Remapping refMap fabric-dimensions-v1-refmap.json using remapper chain
[22:32:21] [main/INFO] (mixin) Remapping refMap fabric-renderer-registries-v1-refmap.json using remapper chain
[22:32:21] [main/INFO] (mixin) Remapping refMap debug-refmap.json using remapper chain
[22:32:21] [main/INFO] (mixin) Remapping refMap fabric-textures-v0-refmap.json using remapper chain
[22:32:21] [main/INFO] (mixin) Remapping refMap fabric-registry-sync-v0-refmap.json using remapper chain
[22:32:21] [main/INFO] (mixin) Remapping refMap fabric-models-v0-refmap.json using remapper chain
[22:32:21] [main/INFO] (mixin) Remapping refMap fabric-blockrenderlayer-v1-refmap.json using remapper chain
[22:32:21] [main/INFO] (mixin) Remapping refMap fabric-renderer-api-v1-refmap.json using remapper chain
[22:32:21] [main/INFO] (mixin) Remapping refMap fabric-containers-v0-refmap.json using remapper chain
[22:32:21] [main/INFO] (mixin) Remapping refMap fabric-rendering-fluids-v1-refmap.json using remapper chain
[22:32:21] [main/INFO] (mixin) Remapping refMap fabric-biome-api-v1-refmap.json using remapper chain
[22:32:21] [main/INFO] (mixin) Remapping refMap fabric-resource-loader-v0-refmap.json using remapper chain
[22:32:21] [main/INFO] (mixin) Remapping refMap fabric-game-rule-api-v1-refmap.json using remapper chain
[22:32:21] [main/INFO] (mixin) Remapping refMap fabric-networking-api-v1-refmap.json using remapper chain
[22:32:21] [main/INFO] (mixin) Remapping refMap okzoomer-refmap.json using remapper chain
[22:32:21] [main/INFO] (mixin) Remapping refMap fabric-particles-v1-refmap.json using remapper chain
[22:32:21] [main/INFO] (mixin) Remapping refMap fabric-object-builders-refmap.json using remapper chain
[22:32:21] [main/INFO] (mixin) Remapping refMap fabric-tag-extensions-v0-refmap.json using remapper chain
[22:32:21] [main/INFO] (mixin) Remapping refMap fabric-tool-attribute-api-v1-refmap.json using remapper chain
[22:32:21] [main/INFO] (mixin) Remapping refMap fabric-rendering-v1-refmap.json using remapper chain
[22:32:21] [main/INFO] (mixin) Remapping refMap fabric-item-groups-v0-refmap.json using remapper chain
[22:32:21] [main/INFO] (mixin) Remapping refMap fabric-content-registries-v0-refmap.json using remapper chain
[22:32:21] [main/INFO] (mixin) Remapping refMap chord-refmap.json using remapper chain
[22:32:21] [main/INFO] (mixin) Remapping refMap fabric-api-lookup-api-v1-refmap.json using remapper chain
[22:32:21] [main/INFO] (mixin) Remapping refMap fabric-command-api-v1-refmap.json using remapper chain
[22:32:21] [main/INFO] (mixin) Remapping refMap fabric-crash-report-info-v1-refmap.json using remapper chain
[22:32:21] [main/INFO] (mixin) Remapping refMap fabric-entity-events-v1-refmap.json using remapper chain
[22:32:21] [main/INFO] (mixin) Remapping refMap fabric-key-binding-api-v1-refmap.json using remapper chain
[22:32:21] [main/INFO] (mixin) Remapping refMap fabric-renderer-api-v1-refmap.json using remapper chain
[22:32:21] [main/INFO] (mixin) Remapping refMap modmenu.refmap.json using remapper chain
[22:32:21] [main/WARN] (mixin) @Mixin target net/minecraft/village/TradeOffers$TypeAwareBuyForOneEmeraldFactory is public in fabric-object-builder-v1.mixins.json:TypeAwareTradeMixin and should be specified in value
[22:32:21] [main/WARN] (mixin) @Mixin target net/minecraft/client/font/FontManager$1 is public in fabric-resource-loader-v0.mixins.json:client.FontManagerResourceReloadListenerMixin and should be specified in value
[22:32:21] [main/WARN] (mixin) @Mixin target net/minecraft/server/command/GameRuleCommand$1 is public in fabric-game-rule-api-v1.mixins.json:GameRuleCommandVisitorMixin and should be specified in value
[22:32:21] [main/WARN] (mixin) @Mixin target net/minecraft/client/gui/screen/world/EditGameRulesScreen$RuleListWidget$1 is public in fabric-game-rule-api-v1.mixins.json:client.RuleListWidgetVisitorMixin and should be specified in value
[22:32:21] [main/WARN] (mixin) @Mixin target net/minecraft/server/world/ThreadedAnvilChunkStorage$EntityTracker is public in fabric-networking-api-v1.mixins.json:accessor.EntityTrackerAccessor and should be specified in value
[22:32:21] [main/WARN] (mixin) @Mixin target net/minecraft/client/particle/ParticleManager$SimpleSpriteProvider is public in fabric-particles-v1.mixins.json:ParticleManagerAccessor$SimpleSpriteProviderAccessor and should be specified in value
[22:32:21] [main/WARN] (mixin) @Mixin target net/minecraft/tag/Tag$1 is public in fabric-tag-extensions-v0.mixins.json:MixinTagImpl and should be specified in value
[22:32:21] [main/WARN] (mixin) @Mixin target net/minecraft/tag/RequiredTagList$TagWrapper is public in fabric-tag-extensions-v0.mixins.json:MixinTagImpl and should be specified in value
[22:32:21] [main/WARN] (mixin) @Mixin target net/minecraft/client/gui/widget/EntryListWidget$Entries is public in mixins.modmenu.json:MixinEntryListWidgetEntries and should be specified in value
[22:32:28] [main/INFO] (Minecraft) Environment: authHost='https://authserver.mojang.com', accountsHost='https://api.mojang.com', sessionHost='https://sessionserver.mojang.com', servicesHost='https://api.minecraftservices.com', name='PROD'
[22:32:29] [main/ERROR] (Minecraft) Failed to verify authentication
com.mojang.authlib.exceptions.AuthenticationUnavailableException: null
	at com.mojang.authlib.yggdrasil.YggdrasilSocialInteractionsService.checkPrivileges(YggdrasilSocialInteractionsService.java:97) ~[authlib-2.1.28.jar:?]
	at com.mojang.authlib.yggdrasil.YggdrasilSocialInteractionsService.<init>(YggdrasilSocialInteractionsService.java:40) ~[authlib-2.1.28.jar:?]
	at com.mojang.authlib.yggdrasil.YggdrasilAuthenticationService.createSocialInteractionsService(YggdrasilAuthenticationService.java:152) ~[authlib-2.1.28.jar:?]
	at net.minecraft.client.MinecraftClient.method_31382(MinecraftClient.java:625) [minecraft-1.16.5-mapped-net.fabricmc.yarn-1.16.5+build.5-v2.jar:?]
	at net.minecraft.client.MinecraftClient.<init>(MinecraftClient.java:409) [minecraft-1.16.5-mapped-net.fabricmc.yarn-1.16.5+build.5-v2.jar:?]
	at net.minecraft.client.main.Main.main(Main.java:177) [minecraft-1.16.5-mapped-net.fabricmc.yarn-1.16.5+build.5-v2.jar:?]
	at sun.reflect.NativeMethodAccessorImpl.invoke0(Native Method) ~[?:1.8.0_282]
	at sun.reflect.NativeMethodAccessorImpl.invoke(NativeMethodAccessorImpl.java:62) ~[?:1.8.0_282]
	at sun.reflect.DelegatingMethodAccessorImpl.invoke(DelegatingMethodAccessorImpl.java:43) ~[?:1.8.0_282]
	at java.lang.reflect.Method.invoke(Method.java:498) ~[?:1.8.0_282]
	at net.fabricmc.loader.game.MinecraftGameProvider.launch(MinecraftGameProvider.java:226) [fabric-loader-0.11.3.jar:?]
	at net.fabricmc.loader.launch.knot.Knot.launch(Knot.java:146) [fabric-loader-0.11.3.jar:?]
	at net.fabricmc.loader.launch.knot.KnotClient.main(KnotClient.java:28) [fabric-loader-0.11.3.jar:?]
	at net.fabricmc.devlaunchinjector.Main.main(Main.java:86) [dev-launch-injector-0.2.1+build.8.jar:?]
[22:32:29] [main/INFO] (Minecraft) Setting user: Dev
[22:32:29] [main/INFO] (squidyen) [Squid Yen] Initializing
[22:32:29] [main/INFO] (squidyen) [Squid Yen] Initialized
[22:32:30] [main/INFO] (chord) [Chord] Initializing
[22:32:30] [main/INFO] (chord) [Chord] Initialized
[22:32:30] [main/INFO] (squidyen) [Squid Yen] Initializing client
[22:32:30] [main/INFO] (squidyen) [Squid Yen] Initialized client
[22:32:30] [main/INFO] (Indigo) [Indigo] Different rendering plugin detected; not applying Indigo.
[22:32:31] [main/INFO] (Minecraft) Backend library: LWJGL version 3.2.2 build 10
[22:32:33] [main/INFO] (Minecraft) Narrator library successfully loaded
[22:32:33] [main/INFO] (Minecraft) Reloading ResourceManager: Default, Fabric Mods (Fabric Renderer API (v1), Fabric Key Bindings (v0), Fabric Loader, Fabric Structure API (v1), Fabric Containers (v0), Fabric Object Builder API (v1), Squid Yen, Fabric Game Rule API (v1), Fabric API Base, Fabric Rendering Data Attachment (v1), Fabric Textures (v0), Fabric Rendering Fluids (v1), Fabric BlockRenderLayer Registration (v1), Fabric Lifecycle Events (v1), Sodium, Fabric Renderer Registries (v1), Fabric Loot Tables (v1), Fabric API, Fabric Particles (v1), Fabric Networking (v0), Fabric API Lookup API (v1), Fabric Networking Block Entity (v0), Ok Zoomer, Fabric Screen Handler API (v1), Mod Menu, Fabric Command API (v1), Phosphor, Fabric Screen API (v1), Fabric Tool Attribute API (v1), Fabric Renderer - Indigo, Fabric Item API (v1), Fabric Crash Report Info (v1), Fabric Events Interaction (v0), Fabric Entity Events (v1), Fabric Rendering (v0), Fabric Rendering (v1), Fabric Key Binding API (v1), Cloth Config v4, Fabric Resource Loader (v0), JustEnoughDebug, Fabric Content Registries (v0), Fabric Tag Extensions (v0), Fabric Biome API (v1), Fabric Commands (v0), Fabric Registry Sync (v0), Fabric Mining Levels (v0), Fabric Networking API (v1), Fabric Events Lifecycle (v0), Fabric Models (v0), Fabric Item Groups (v0), Chord, Fabric Object Builders (v0))
[22:32:35] [Realms Notification Availability checker #1/INFO] (Minecraft) Could not authorize you against Realms server: Invalid session id
[22:32:38] [Worker-Main-4/ERROR] (Minecraft) Using missing texture, unable to load squidyen:textures/item/fake_yen.png : java.io.FileNotFoundException: squidyen:textures/item/fake_yen.png
[22:32:39] [main/INFO] (Minecraft) OpenAL initialized.
[22:32:39] [main/INFO] (Minecraft) Sound engine started
[22:32:40] [main/INFO] (Minecraft) Created: 2048x1024x4 minecraft:textures/atlas/blocks.png-atlas
[22:32:40] [main/INFO] (Minecraft) Created: 256x128x4 minecraft:textures/atlas/signs.png-atlas
[22:32:40] [main/INFO] (Minecraft) Created: 1024x512x4 minecraft:textures/atlas/banner_patterns.png-atlas
[22:32:40] [main/INFO] (Minecraft) Created: 1024x512x4 minecraft:textures/atlas/shield_patterns.png-atlas
[22:32:40] [main/INFO] (Minecraft) Created: 256x256x4 minecraft:textures/atlas/chest.png-atlas
[22:32:40] [main/INFO] (Minecraft) Created: 512x256x4 minecraft:textures/atlas/beds.png-atlas
[22:32:40] [main/INFO] (Minecraft) Created: 512x256x4 minecraft:textures/atlas/shulker_boxes.png-atlas
[22:32:41] [main/INFO] (Minecraft) Created: 256x256x0 minecraft:textures/atlas/particles.png-atlas
[22:32:41] [main/INFO] (Minecraft) Created: 256x256x0 minecraft:textures/atlas/paintings.png-atlas
[22:32:41] [main/INFO] (Minecraft) Created: 256x128x0 minecraft:textures/atlas/mob_effects.png-atlas
[22:32:45] [main/WARN] (Minecraft) Ambiguity between arguments [teleport, destination] and [teleport, targets] with inputs: [Player, 0123, @e, dd12be42-52a9-4a91-a8a1-11c01849e498]
[22:32:45] [main/WARN] (Minecraft) Ambiguity between arguments [teleport, location] and [teleport, destination] with inputs: [0.1 -0.5 .9, 0 0 0]
[22:32:45] [main/WARN] (Minecraft) Ambiguity between arguments [teleport, location] and [teleport, targets] with inputs: [0.1 -0.5 .9, 0 0 0]
[22:32:45] [main/WARN] (Minecraft) Ambiguity between arguments [teleport, targets] and [teleport, destination] with inputs: [Player, 0123, dd12be42-52a9-4a91-a8a1-11c01849e498]
[22:32:45] [main/WARN] (Minecraft) Ambiguity between arguments [teleport, targets, location] and [teleport, targets, destination] with inputs: [0.1 -0.5 .9, 0 0 0]
[22:32:45] [main/INFO] (Minecraft) Reloading ResourceManager: Default, Fabric Mods (Squid Yen, Fabric Tool Attribute API (v1), Chord)
[22:32:46] [main/INFO] (Minecraft) Loaded 7 recipes
[22:32:46] [main/INFO] (Minecraft) Loaded 927 advancements
[22:32:46] [main/INFO] (BiomeModificationImpl) Applied 0 biome modifications to 0 of 79 new biomes in 14.71 ms
[22:32:47] [main/INFO] (Minecraft) Environment: authHost='https://authserver.mojang.com', accountsHost='https://api.mojang.com', sessionHost='https://sessionserver.mojang.com', servicesHost='https://api.minecraftservices.com', name='PROD'
[22:32:48] [Server thread/INFO] (Minecraft) Starting integrated minecraft server version 1.16.5
[22:32:48] [Server thread/INFO] (Minecraft) Generating keypair
[22:32:48] [Server thread/INFO] (Minecraft) Preparing start region for dimension minecraft:overworld
[22:32:49] [main/INFO] (Minecraft) Preparing spawn area: 0%
[22:32:49] [main/INFO] (Minecraft) Preparing spawn area: 0%
[22:32:49] [main/INFO] (Minecraft) Preparing spawn area: 88%
[22:32:49] [main/INFO] (Minecraft) Time elapsed: 1170 ms
[22:32:50] [Server thread/INFO] (Minecraft) Changing view distance to 11, from 10
[22:32:51] [Server thread/INFO] (Minecraft) Dev[local:E:4c68a1e6] logged in with entity id 1 at (-7.40302096721897, 4.0, 1.9150917241874095)
[22:32:51] [Server thread/INFO] (Minecraft) Dev joined the game
[22:32:51] [main/INFO] (ChunkBuilder) Started 4 worker threads
[22:32:51] [Server thread/INFO] (Minecraft) Saving and pausing game...
[22:32:52] [Server thread/INFO] (Minecraft) Saving chunks for level 'ServerLevel[New World]'/minecraft:overworld
[22:32:52] [Server thread/INFO] (Minecraft) Saving chunks for level 'ServerLevel[New World]'/minecraft:the_nether
[22:32:52] [Server thread/INFO] (Minecraft) Saving chunks for level 'ServerLevel[New World]'/minecraft:the_end
[22:32:52] [main/INFO] (DebugClient) Server debug status: available
[22:32:52] [main/INFO] (DebugClient)  - Send neighbor updates: available
[22:32:52] [main/INFO] (DebugClient)  - Game rule sync: available
[22:32:52] [main/INFO] (DebugClient)  - Send pathfinding info: available
[22:32:52] [main/INFO] (Minecraft) Loaded 0 advancements
[22:33:25] [main/INFO] (Minecraft) [CHAT] [Debug]: Reloaded resource packs
[22:33:25] [main/INFO] (Minecraft) Reloading ResourceManager: Default, Fabric Mods (Fabric Renderer API (v1), Fabric Key Bindings (v0), Fabric Loader, Fabric Structure API (v1), Fabric Containers (v0), Fabric Object Builder API (v1), Squid Yen, Fabric Game Rule API (v1), Fabric API Base, Fabric Rendering Data Attachment (v1), Fabric Textures (v0), Fabric Rendering Fluids (v1), Fabric BlockRenderLayer Registration (v1), Fabric Lifecycle Events (v1), Sodium, Fabric Renderer Registries (v1), Fabric Loot Tables (v1), Fabric API, Fabric Particles (v1), Fabric Networking (v0), Fabric API Lookup API (v1), Fabric Networking Block Entity (v0), Ok Zoomer, Fabric Screen Handler API (v1), Mod Menu, Fabric Command API (v1), Phosphor, Fabric Screen API (v1), Fabric Tool Attribute API (v1), Fabric Renderer - Indigo, Fabric Item API (v1), Fabric Crash Report Info (v1), Fabric Events Interaction (v0), Fabric Entity Events (v1), Fabric Rendering (v0), Fabric Rendering (v1), Fabric Key Binding API (v1), Cloth Config v4, Fabric Resource Loader (v0), JustEnoughDebug, Fabric Content Registries (v0), Fabric Tag Extensions (v0), Fabric Biome API (v1), Fabric Commands (v0), Fabric Registry Sync (v0), Fabric Mining Levels (v0), Fabric Networking API (v1), Fabric Events Lifecycle (v0), Fabric Models (v0), Fabric Item Groups (v0), Chord, Fabric Object Builders (v0))
[22:33:25] [Server thread/INFO] (Minecraft) Saving and pausing game...
[22:33:25] [Server thread/INFO] (Minecraft) Saving chunks for level 'ServerLevel[New World]'/minecraft:overworld
[22:33:25] [Server thread/INFO] (Minecraft) Saving chunks for level 'ServerLevel[New World]'/minecraft:the_nether
[22:33:25] [Server thread/INFO] (Minecraft) Saving chunks for level 'ServerLevel[New World]'/minecraft:the_end
[22:33:27] [main/INFO] (Minecraft) OpenAL initialized.
[22:33:27] [main/INFO] (Minecraft) Sound engine started
[22:33:28] [main/INFO] (Minecraft) Created: 2048x1024x4 minecraft:textures/atlas/blocks.png-atlas
[22:33:28] [main/INFO] (Minecraft) Created: 256x128x4 minecraft:textures/atlas/signs.png-atlas
[22:33:28] [main/INFO] (Minecraft) Created: 1024x512x4 minecraft:textures/atlas/banner_patterns.png-atlas
[22:33:28] [main/INFO] (Minecraft) Created: 1024x512x4 minecraft:textures/atlas/shield_patterns.png-atlas
[22:33:28] [main/INFO] (Minecraft) Created: 256x256x4 minecraft:textures/atlas/chest.png-atlas
[22:33:28] [main/INFO] (Minecraft) Created: 512x256x4 minecraft:textures/atlas/beds.png-atlas
[22:33:28] [main/INFO] (Minecraft) Created: 512x256x4 minecraft:textures/atlas/shulker_boxes.png-atlas
[22:33:28] [main/INFO] (Minecraft) Created: 256x256x0 minecraft:textures/atlas/particles.png-atlas
[22:33:28] [main/INFO] (Minecraft) Created: 256x256x0 minecraft:textures/atlas/paintings.png-atlas
[22:33:28] [main/INFO] (Minecraft) Created: 256x128x0 minecraft:textures/atlas/mob_effects.png-atlas
[22:33:28] [main/INFO] (ChunkBuilder) Stopping worker threads
[22:33:28] [main/INFO] (ChunkBuilder) Started 4 worker threads
